[2018-08-14 13:39:58] local.ERROR: The N:\ERP\Documents\AppMockups\BackhaulNetworkMgmt\phprefresh\blog\bootstrap/cache directory must be present and writable. {"exception":"[object] (Exception(code: 0): The N:\\ERP\\Documents\\AppMockups\\BackhaulNetworkMgmt\\phprefresh\\blog\\bootstrap/cache directory must be present and writable. at N:\\ERP\\Documents\\AppMockups\\BackhaulNetworkMgmt\\phprefresh\\blog\\vendor\\laravel\\framework\\src\\Illuminate\\Foundation\\PackageManifest.php:167)
[stacktrace]
#0 N:\\ERP\\Documents\\AppMockups\\BackhaulNetworkMgmt\\phprefresh\\blog\\vendor\\laravel\\framework\\src\\Illuminate\\Foundation\\PackageManifest.php(127): Illuminate\\Foundation\\PackageManifest->write(Array)
#1 N:\\ERP\\Documents\\AppMockups\\BackhaulNetworkMgmt\\phprefresh\\blog\\vendor\\laravel\\framework\\src\\Illuminate\\Foundation\\PackageManifest.php(97): Illuminate\\Foundation\\PackageManifest->build()
#2 N:\\ERP\\Documents\\AppMockups\\BackhaulNetworkMgmt\\phprefresh\\blog\\vendor\\laravel\\framework\\src\\Illuminate\\Foundation\\PackageManifest.php(80): Illuminate\\Foundation\\PackageManifest->getManifest()
#3 N:\\ERP\\Documents\\AppMockups\\BackhaulNetworkMgmt\\phprefresh\\blog\\vendor\\laravel\\framework\\src\\Illuminate\\Foundation\\Bootstrap\\RegisterFacades.php(26): Illuminate\\Foundation\\PackageManifest->aliases()
#4 N:\\ERP\\Documents\\AppMockups\\BackhaulNetworkMgmt\\phprefresh\\blog\\vendor\\laravel\\framework\\src\\Illuminate\\Foundation\\Application.php(206): Illuminate\\Foundation\\Bootstrap\\RegisterFacades->bootstrap(Object(Illuminate\\Foundation\\Application))
#5 N:\\ERP\\Documents\\AppMockups\\BackhaulNetworkMgmt\\phprefresh\\blog\\vendor\\laravel\\framework\\src\\Illuminate\\Foundation\\Console\\Kernel.php(297): Illuminate\\Foundation\\Application->bootstrapWith(Array)
#6 N:\\ERP\\Documents\\AppMockups\\BackhaulNetworkMgmt\\phprefresh\\blog\\vendor\\laravel\\framework\\src\\Illuminate\\Foundation\\Console\\Kernel.php(120): Illuminate\\Foundation\\Console\\Kernel->bootstrap()
#7 N:\\ERP\\Documents\\AppMockups\\BackhaulNetworkMgmt\\phprefresh\\blog\\artisan(37): Illuminate\\Foundation\\Console\\Kernel->handle(Object(Symfony\\Component\\Console\\Input\\ArgvInput), Object(Symfony\\Component\\Console\\Output\\ConsoleOutput))
#8 {main}
"} 
[2018-08-14 13:48:00] local.ERROR: The N:\ERP\Documents\AppMockups\BackhaulNetworkMgmt\phprefresh\blog\bootstrap/cache directory must be present and writable. {"exception":"[object] (Exception(code: 0): The N:\\ERP\\Documents\\AppMockups\\BackhaulNetworkMgmt\\phprefresh\\blog\\bootstrap/cache directory must be present and writable. at N:\\ERP\\Documents\\AppMockups\\BackhaulNetworkMgmt\\phprefresh\\blog\\vendor\\laravel\\framework\\src\\Illuminate\\Foundation\\PackageManifest.php:167)
[stacktrace]
#0 N:\\ERP\\Documents\\AppMockups\\BackhaulNetworkMgmt\\phprefresh\\blog\\vendor\\laravel\\framework\\src\\Illuminate\\Foundation\\PackageManifest.php(127): Illuminate\\Foundation\\PackageManifest->write(Array)
#1 N:\\ERP\\Documents\\AppMockups\\BackhaulNetworkMgmt\\phprefresh\\blog\\vendor\\laravel\\framework\\src\\Illuminate\\Foundation\\PackageManifest.php(97): Illuminate\\Foundation\\PackageManifest->build()
#2 N:\\ERP\\Documents\\AppMockups\\BackhaulNetworkMgmt\\phprefresh\\blog\\vendor\\laravel\\framework\\src\\Illuminate\\Foundation\\PackageManifest.php(80): Illuminate\\Foundation\\PackageManifest->getManifest()
#3 N:\\ERP\\Documents\\AppMockups\\BackhaulNetworkMgmt\\phprefresh\\blog\\vendor\\laravel\\framework\\src\\Illuminate\\Foundation\\Bootstrap\\RegisterFacades.php(26): Illuminate\\Foundation\\PackageManifest->aliases()
#4 N:\\ERP\\Documents\\AppMockups\\BackhaulNetworkMgmt\\phprefresh\\blog\\vendor\\laravel\\framework\\src\\Illuminate\\Foundation\\Application.php(206): Illuminate\\Foundation\\Bootstrap\\RegisterFacades->bootstrap(Object(Illuminate\\Foundation\\Application))
#5 N:\\ERP\\Documents\\AppMockups\\BackhaulNetworkMgmt\\phprefresh\\blog\\vendor\\laravel\\framework\\src\\Illuminate\\Foundation\\Console\\Kernel.php(297): Illuminate\\Foundation\\Application->bootstrapWith(Array)
#6 N:\\ERP\\Documents\\AppMockups\\BackhaulNetworkMgmt\\phprefresh\\blog\\vendor\\laravel\\framework\\src\\Illuminate\\Foundation\\Console\\Kernel.php(120): Illuminate\\Foundation\\Console\\Kernel->bootstrap()
#7 N:\\ERP\\Documents\\AppMockups\\BackhaulNetworkMgmt\\phprefresh\\blog\\artisan(37): Illuminate\\Foundation\\Console\\Kernel->handle(Object(Symfony\\Component\\Console\\Input\\ArgvInput), Object(Symfony\\Component\\Console\\Output\\ConsoleOutput))
#8 {main}
"} 
